{
  "RSpec": {
    "coverage": {
      "/Users/noahvanekdom/turing_work/3mod/projects/lunch_and_learn/lunch_and_learn_be/config/environment.rb": {
        "lines": [
          null,
          1,
          null,
          null,
          1
        ]
      },
      "/Users/noahvanekdom/turing_work/3mod/projects/lunch_and_learn/lunch_and_learn_be/config/application.rb": {
        "lines": [
          1,
          null,
          1,
          null,
          1,
          1,
          1,
          1,
          1,
          1,
          1,
          1,
          null,
          null,
          null,
          null,
          null,
          1,
          null,
          1,
          1,
          null,
          1,
          null,
          null,
          null,
          null,
          null,
          null,
          null,
          null,
          null,
          1,
          null,
          null
        ]
      },
      "/Users/noahvanekdom/turing_work/3mod/projects/lunch_and_learn/lunch_and_learn_be/config/boot.rb": {
        "lines": [
          1,
          null,
          1,
          1
        ]
      },
      "/Users/noahvanekdom/turing_work/3mod/projects/lunch_and_learn/lunch_and_learn_be/config/environments/test.rb": {
        "lines": [
          1,
          null,
          null,
          null,
          null,
          null,
          null,
          1,
          null,
          null,
          null,
          null,
          1,
          null,
          null,
          1,
          1,
          null,
          null,
          null,
          null,
          1,
          1,
          null,
          null,
          1,
          null,
          null,
          1,
          null,
          null,
          1,
          null,
          1,
          null,
          null,
          null,
          null,
          1,
          null,
          null,
          1,
          null,
          null,
          null,
          null
        ]
      },
      "/Users/noahvanekdom/turing_work/3mod/projects/lunch_and_learn/lunch_and_learn_be/config/initializers/application_controller_renderer.rb": {
        "lines": [
          null,
          null,
          null,
          null,
          null,
          null,
          null,
          null
        ]
      },
      "/Users/noahvanekdom/turing_work/3mod/projects/lunch_and_learn/lunch_and_learn_be/config/initializers/backtrace_silencers.rb": {
        "lines": [
          null,
          null,
          null,
          null,
          null,
          null,
          null
        ]
      },
      "/Users/noahvanekdom/turing_work/3mod/projects/lunch_and_learn/lunch_and_learn_be/config/initializers/cors.rb": {
        "lines": [
          null,
          null,
          null,
          null,
          null,
          null,
          null,
          null,
          null,
          null,
          null,
          null,
          null,
          null,
          null,
          null
        ]
      },
      "/Users/noahvanekdom/turing_work/3mod/projects/lunch_and_learn/lunch_and_learn_be/config/initializers/filter_parameter_logging.rb": {
        "lines": [
          null,
          null,
          null,
          1
        ]
      },
      "/Users/noahvanekdom/turing_work/3mod/projects/lunch_and_learn/lunch_and_learn_be/config/initializers/inflections.rb": {
        "lines": [
          null,
          null,
          null,
          null,
          null,
          null,
          null,
          null,
          null,
          null,
          null,
          null,
          null,
          null,
          null,
          null
        ]
      },
      "/Users/noahvanekdom/turing_work/3mod/projects/lunch_and_learn/lunch_and_learn_be/config/initializers/mime_types.rb": {
        "lines": [
          null,
          null,
          null,
          null
        ]
      },
      "/Users/noahvanekdom/turing_work/3mod/projects/lunch_and_learn/lunch_and_learn_be/config/initializers/wrap_parameters.rb": {
        "lines": [
          null,
          null,
          null,
          null,
          null,
          null,
          1,
          2,
          null,
          null,
          null,
          null,
          null,
          null
        ]
      },
      "/Users/noahvanekdom/turing_work/3mod/projects/lunch_and_learn/lunch_and_learn_be/config/routes.rb": {
        "lines": [
          1,
          null,
          null,
          1,
          1,
          1,
          null,
          null,
          null
        ]
      },
      "/Users/noahvanekdom/turing_work/3mod/projects/lunch_and_learn/lunch_and_learn_be/app/controllers/api/v1/recipes_controller.rb": {
        "lines": [
          1,
          1,
          2,
          2,
          null,
          null
        ]
      },
      "/Users/noahvanekdom/turing_work/3mod/projects/lunch_and_learn/lunch_and_learn_be/app/controllers/application_controller.rb": {
        "lines": [
          1,
          null
        ]
      },
      "/Users/noahvanekdom/turing_work/3mod/projects/lunch_and_learn/lunch_and_learn_be/app/facades/recipes_facade.rb": {
        "lines": [
          1,
          1,
          2,
          2,
          2,
          20,
          null,
          null,
          null
        ]
      },
      "/Users/noahvanekdom/turing_work/3mod/projects/lunch_and_learn/lunch_and_learn_be/app/services/recipes_service.rb": {
        "lines": [
          1,
          1,
          2,
          2,
          2,
          null,
          null,
          null,
          1,
          2,
          2,
          null,
          null
        ]
      },
      "/Users/noahvanekdom/turing_work/3mod/projects/lunch_and_learn/lunch_and_learn_be/app/poros/recipe.rb": {
        "lines": [
          1,
          1,
          null,
          1,
          20,
          20,
          20,
          20,
          20,
          null,
          null
        ]
      },
      "/Users/noahvanekdom/turing_work/3mod/projects/lunch_and_learn/lunch_and_learn_be/app/serializers/recipe_serializer.rb": {
        "lines": [
          1,
          1,
          1,
          null
        ]
      }
    },
    "timestamp": 1668420411
  }
}
